<?xml version="1.0" encoding="UTF-8"?>
<!-- Generated by org.testng.reporters.JUnitXMLReporter -->
<testsuite hostname="parveen-PC" ignored="0" name="Test" tests="5" failures="0" timestamp="16 May 2018 17:50:07 GMT" time="1.385" errors="0">
  <testcase name="tc_1" time="0.694" classname="test1.test1"/>
  <testcase name="failtest" time="0.002" classname="test1.test2$testclass"/>
  <testcase name="passtest" time="0.006" classname="test1.test2$testclass"/>
  <testcase name="skiptest" time="0.004" classname="test1.test2$testclass">
    <skipped/>
  </testcase> <!-- skiptest -->
  <testcase name="tc_3" time="0.004" classname="test1.test3"/>
</testsuite> <!-- Test -->
