<?xml version="1.0" encoding="UTF-8"?>
<testng-results skipped="1" failed="0" ignored="0" total="5" passed="4">
  <reporter-output>
  </reporter-output>
  <suite name="Suite" duration-ms="1385" started-at="2018-05-16T17:50:05Z" finished-at="2018-05-16T17:50:07Z">
    <groups>
    </groups>
    <test name="Test" duration-ms="1385" started-at="2018-05-16T17:50:05Z" finished-at="2018-05-16T17:50:07Z">
      <class name="test1.test3">
        <test-method status="PASS" signature="tc_3()[pri:0, instance:test1.test3@13a4b84]" name="tc_3" duration-ms="4" started-at="2018-05-16T17:50:06Z" finished-at="2018-05-16T17:50:06Z">
          <reporter-output>
          </reporter-output>
        </test-method> <!-- tc_3 -->
      </class> <!-- test1.test3 -->
      <class name="test1.test1">
        <test-method status="PASS" signature="tc_1()[pri:0, instance:test1.test1@1cea91b]" name="tc_1" duration-ms="694" started-at="2018-05-16T17:50:06Z" finished-at="2018-05-16T17:50:06Z">
          <reporter-output>
          </reporter-output>
        </test-method> <!-- tc_1 -->
      </class> <!-- test1.test1 -->
      <class name="test1.test2$testclass">
        <test-method status="PASS" signature="tc()[pri:0, instance:test1.test2$testclass@12cdcf4]" name="tc" is-config="true" duration-ms="440" started-at="2018-05-16T17:50:05Z" finished-at="2018-05-16T17:50:06Z">
          <reporter-output>
          </reporter-output>
        </test-method> <!-- tc -->
        <test-method status="PASS" signature="failtest()[pri:0, instance:test1.test2$testclass@12cdcf4]" name="failtest" duration-ms="2" started-at="2018-05-16T17:50:06Z" finished-at="2018-05-16T17:50:06Z">
          <reporter-output>
          </reporter-output>
        </test-method> <!-- failtest -->
        <test-method status="PASS" signature="atcm(org.testng.ITestResult)[pri:0, instance:test1.test2$testclass@12cdcf4]" name="atcm" is-config="true" duration-ms="3" started-at="2018-05-16T17:50:06Z" finished-at="2018-05-16T17:50:06Z">
          <params>
            <param index="0">
              <value>
                <![CDATA[[TestResult name=failtest status=SUCCESS method=test2$testclass.failtest()[pri:0, instance:test1.test2$testclass@12cdcf4] output={null}]]]>
              </value>
            </param>
          </params>
          <reporter-output>
          </reporter-output>
        </test-method> <!-- atcm -->
        <test-method status="PASS" signature="passtest()[pri:0, instance:test1.test2$testclass@12cdcf4]" name="passtest" duration-ms="6" started-at="2018-05-16T17:50:06Z" finished-at="2018-05-16T17:50:06Z">
          <reporter-output>
          </reporter-output>
        </test-method> <!-- passtest -->
        <test-method status="PASS" signature="atcm(org.testng.ITestResult)[pri:0, instance:test1.test2$testclass@12cdcf4]" name="atcm" is-config="true" duration-ms="1" started-at="2018-05-16T17:50:06Z" finished-at="2018-05-16T17:50:06Z">
          <params>
            <param index="0">
              <value>
                <![CDATA[[TestResult name=passtest status=SUCCESS method=test2$testclass.passtest()[pri:0, instance:test1.test2$testclass@12cdcf4] output={null}]]]>
              </value>
            </param>
          </params>
          <reporter-output>
          </reporter-output>
        </test-method> <!-- atcm -->
        <test-method status="SKIP" signature="skiptest()[pri:0, instance:test1.test2$testclass@12cdcf4]" name="skiptest" duration-ms="4" started-at="2018-05-16T17:50:06Z" finished-at="2018-05-16T17:50:06Z">
          <exception class="org.testng.SkipException">
            <message>
              <![CDATA[test is skip]]>
            </message>
            <full-stacktrace>
              <![CDATA[org.testng.SkipException: test is skip
at test1.test2$testclass.skiptest(test2.java:90)
at sun.reflect.NativeMethodAccessorImpl.invoke0(Native Method)
at sun.reflect.NativeMethodAccessorImpl.invoke(NativeMethodAccessorImpl.java:62)
at sun.reflect.DelegatingMethodAccessorImpl.invoke(DelegatingMethodAccessorImpl.java:43)
at java.lang.reflect.Method.invoke(Method.java:498)
at org.testng.internal.MethodInvocationHelper.invokeMethod(MethodInvocationHelper.java:124)
at org.testng.internal.Invoker.invokeMethod(Invoker.java:580)
at org.testng.internal.Invoker.invokeTestMethod(Invoker.java:716)
at org.testng.internal.Invoker.invokeTestMethods(Invoker.java:988)
at org.testng.internal.TestMethodWorker.invokeTestMethods(TestMethodWorker.java:125)
at org.testng.internal.TestMethodWorker.run(TestMethodWorker.java:109)
at org.testng.TestRunner.privateRun(TestRunner.java:648)
at org.testng.TestRunner.run(TestRunner.java:505)
at org.testng.SuiteRunner.runTest(SuiteRunner.java:455)
at org.testng.SuiteRunner.runSequentially(SuiteRunner.java:450)
at org.testng.SuiteRunner.privateRun(SuiteRunner.java:415)
at org.testng.SuiteRunner.run(SuiteRunner.java:364)
at org.testng.SuiteRunnerWorker.runSuite(SuiteRunnerWorker.java:52)
at org.testng.SuiteRunnerWorker.run(SuiteRunnerWorker.java:84)
at org.testng.TestNG.runSuitesSequentially(TestNG.java:1208)
at org.testng.TestNG.runSuitesLocally(TestNG.java:1137)
at org.testng.TestNG.runSuites(TestNG.java:1049)
at org.testng.TestNG.run(TestNG.java:1017)
at org.testng.remote.AbstractRemoteTestNG.run(AbstractRemoteTestNG.java:114)
at org.testng.remote.RemoteTestNG.initAndRun(RemoteTestNG.java:251)
at org.testng.remote.RemoteTestNG.main(RemoteTestNG.java:77)
]]>
            </full-stacktrace>
          </exception> <!-- org.testng.SkipException -->
          <reporter-output>
          </reporter-output>
        </test-method> <!-- skiptest -->
        <test-method status="PASS" signature="atcm(org.testng.ITestResult)[pri:0, instance:test1.test2$testclass@12cdcf4]" name="atcm" is-config="true" duration-ms="0" started-at="2018-05-16T17:50:06Z" finished-at="2018-05-16T17:50:06Z">
          <params>
            <param index="0">
              <value>
                <![CDATA[[TestResult name=skiptest status=SKIP method=test2$testclass.skiptest()[pri:0, instance:test1.test2$testclass@12cdcf4] output={null}]]]>
              </value>
            </param>
          </params>
          <reporter-output>
          </reporter-output>
        </test-method> <!-- atcm -->
        <test-method status="PASS" signature="atc()[pri:0, instance:test1.test2$testclass@12cdcf4]" name="atc" is-config="true" duration-ms="163" started-at="2018-05-16T17:50:06Z" finished-at="2018-05-16T17:50:07Z">
          <reporter-output>
          </reporter-output>
        </test-method> <!-- atc -->
      </class> <!-- test1.test2$testclass -->
    </test> <!-- Test -->
  </suite> <!-- Suite -->
</testng-results>
